<?xml version="1.0" encoding="UTF-8"?>
<!-- Generated by org.testng.reporters.JUnitReportReporter -->
<testsuite hostname="DESKTOP-AE4CVMC" failures="0" tests="1" name="TestCases.TestCase2" time="17.024" errors="0" timestamp="2023-11-16T17:29:21 GMT" skipped="0">
  <testcase classname="TestCases.TestCase2" name="AddToCart" time="17.024"/>
</testsuite> <!-- TestCases.TestCase2 -->
