<?xml version="1.0" encoding="UTF-8"?>
<!-- Generated by org.testng.reporters.JUnitReportReporter -->
<testsuite hostname="DESKTOP-AE4CVMC" failures="0" tests="1" name="TestCases.TestCase3" time="23.495" errors="0" timestamp="2023-11-16T17:29:21 GMT" skipped="0">
  <testcase classname="TestCases.TestCase3" name="AddToCartBookModule" time="23.495"/>
</testsuite> <!-- TestCases.TestCase3 -->
